<?xml version="1.0" encoding="UTF-8"?>
<!-- Generated by org.testng.reporters.JUnitReportReporter -->
<testsuite hostname="INLEN8520032202" failures="0" tests="4" name="sprint2.EmployeeTest" time="1.883" errors="0" timestamp="2022-06-17T15:43:30 IST" skipped="1">
  <testcase classname="sprint2.EmployeeTest" name="TestGetMethod" time="1.756"/>
  <testcase classname="sprint2.EmployeeTest" name="TestPostMethod" time="0.093"/>
  <testcase classname="sprint2.EmployeeTest" name="TestPutMethod" time="0.034"/>
  <testcase classname="sprint2.EmployeeTest" name="TestDeleteMethod">
    <skipped/>
  </testcase> <!-- TestDeleteMethod -->
</testsuite> <!-- sprint2.EmployeeTest -->
